::1 - - [26/Oct/2020:01:55:57 -0400] "GET / HTTP/1.1" 200 75966
::1 - - [26/Oct/2020:01:55:57 -0400] "GET /favicon.ico HTTP/1.1" 404 196
::1 - - [05/Nov/2020:01:19:34 -0500] "GET / HTTP/1.1" 200 75433
::1 - - [05/Nov/2020:01:19:35 -0500] "GET /favicon.ico HTTP/1.1" 404 196
::1 - - [05/Nov/2020:01:20:44 -0500] "GET / HTTP/1.1" 200 75669
::1 - - [05/Nov/2020:01:21:22 -0500] "GET / HTTP/1.1" 200 14189
::1 - - [05/Nov/2020:01:30:19 -0500] "GET / HTTP/1.1" 200 338
::1 - - [05/Nov/2020:01:30:19 -0500] "GET /favicon.ico HTTP/1.1" 404 196
::1 - - [05/Nov/2020:01:33:28 -0500] "GET / HTTP/1.1" 200 348
::1 - - [05/Nov/2020:01:39:54 -0500] "GET / HTTP/1.1" 200 748
::1 - - [05/Nov/2020:01:41:07 -0500] "GET / HTTP/1.1" 200 671
::1 - - [05/Nov/2020:01:48:36 -0500] "GET / HTTP/1.1" 200 772
::1 - - [05/Nov/2020:02:05:56 -0500] "GET / HTTP/1.1" 200 844
::1 - - [05/Nov/2020:02:05:56 -0500] "GET /styles.css HTTP/1.1" 404 196
::1 - - [05/Nov/2020:02:05:56 -0500] "GET /favicon.ico HTTP/1.1" 404 196
::1 - - [05/Nov/2020:02:08:13 -0500] "GET / HTTP/1.1" 200 852
::1 - - [05/Nov/2020:02:08:13 -0500] "GET /css/stylesheet.css HTTP/1.1" 200 23
::1 - - [05/Nov/2020:02:08:13 -0500] "GET /favicon.ico HTTP/1.1" 404 196
::1 - - [05/Nov/2020:08:36:20 -0500] "GET /favicon.ico HTTP/1.1" 404 196
::1 - - [09/Nov/2020:09:44:55 -0500] "GET / HTTP/1.1" 200 852
::1 - - [09/Nov/2020:09:44:55 -0500] "GET /css/stylesheet.css HTTP/1.1" 200 23
::1 - - [09/Nov/2020:09:44:55 -0500] "GET /favicon.ico HTTP/1.1" 404 196
::1 - - [09/Nov/2020:09:49:20 -0500] "GET / HTTP/1.1" 200 889
::1 - - [09/Nov/2020:09:49:20 -0500] "GET /css/stylesheet.css HTTP/1.1" 200 23
::1 - - [09/Nov/2020:09:50:07 -0500] "GET / HTTP/1.1" 200 889
::1 - - [09/Nov/2020:09:51:07 -0500] "-" 408 -
::1 - - [09/Nov/2020:09:52:20 -0500] "GET / HTTP/1.1" 200 901
::1 - - [09/Nov/2020:09:53:20 -0500] "-" 408 -
::1 - - [09/Nov/2020:09:58:11 -0500] "GET / HTTP/1.1" 200 1026
::1 - - [09/Nov/2020:09:59:11 -0500] "-" 408 -
::1 - - [09/Nov/2020:10:10:00 -0500] "GET / HTTP/1.1" 200 1243
::1 - - [09/Nov/2020:10:11:00 -0500] "-" 408 -
::1 - - [09/Nov/2020:10:19:00 -0500] "GET / HTTP/1.1" 200 1323
::1 - - [09/Nov/2020:10:19:00 -0500] "GET /css/stylesheet.css HTTP/1.1" 200 23
::1 - - [09/Nov/2020:10:19:01 -0500] "GET /favicon.ico HTTP/1.1" 404 196
::1 - - [09/Nov/2020:10:19:21 -0500] "GET / HTTP/1.1" 200 1318
::1 - - [09/Nov/2020:10:19:22 -0500] "GET /favicon.ico HTTP/1.1" 404 196
::1 - - [09/Nov/2020:10:20:14 -0500] "GET / HTTP/1.1" 200 1315
::1 - - [09/Nov/2020:10:21:07 -0500] "GET / HTTP/1.1" 200 1320
::1 - - [09/Nov/2020:10:21:07 -0500] "GET /favicon.ico HTTP/1.1" 404 196
::1 - - [09/Nov/2020:10:21:36 -0500] "GET / HTTP/1.1" 200 1339
::1 - - [09/Nov/2020:10:21:39 -0500] "GET / HTTP/1.1" 304 -
::1 - - [09/Nov/2020:10:21:41 -0500] "GET / HTTP/1.1" 304 -
::1 - - [09/Nov/2020:10:21:45 -0500] "GET / HTTP/1.1" 304 -
::1 - - [09/Nov/2020:10:22:20 -0500] "GET / HTTP/1.1" 200 1346
::1 - - [09/Nov/2020:10:22:25 -0500] "GET / HTTP/1.1" 304 -
::1 - - [09/Nov/2020:10:22:27 -0500] "GET / HTTP/1.1" 304 -
::1 - - [09/Nov/2020:10:22:29 -0500] "GET / HTTP/1.1" 304 -
::1 - - [09/Nov/2020:10:23:48 -0500] "GET / HTTP/1.1" 200 1365
::1 - - [09/Nov/2020:10:23:49 -0500] "GET / HTTP/1.1" 304 -
::1 - - [09/Nov/2020:10:24:08 -0500] "GET / HTTP/1.1" 200 1363
::1 - - [09/Nov/2020:10:24:15 -0500] "GET / HTTP/1.1" 304 -
::1 - - [09/Nov/2020:10:25:52 -0500] "GET / HTTP/1.1" 200 1738
::1 - - [09/Nov/2020:10:25:59 -0500] "GET / HTTP/1.1" 304 -
::1 - - [09/Nov/2020:10:26:13 -0500] "GET / HTTP/1.1" 304 -
::1 - - [09/Nov/2020:10:26:29 -0500] "GET / HTTP/1.1" 304 -
fe80::3dab:8fd0:5bf3:ddfd - - [30/Dec/2020:02:15:11 -0500] "OPTIONS /ROOT/subscription%3ANTEventLogEventConsumer.Name%3D%22SCM%20Event%20Log%20Consumer%22 HTTP/1.1" 200 -
fe80::3dab:8fd0:5bf3:ddfd - - [30/Dec/2020:02:15:11 -0500] "PROPFIND /ROOT/subscription%3ANTEventLogEventConsumer.Name%3D%22SCM%20Event%20Log%20Consumer%22 HTTP/1.1" 405 225
fe80::3dab:8fd0:5bf3:ddfd - - [30/Dec/2020:02:15:11 -0500] "PROPFIND /ROOT HTTP/1.1" 405 225
127.0.0.1 - - [12/Jan/2021:12:06:16 -0500] "GET / HTTP/1.1" 200 2004
127.0.0.1 - - [12/Jan/2021:12:06:17 -0500] "GET /css/stylesheet.css HTTP/1.1" 200 23
127.0.0.1 - - [12/Jan/2021:12:06:17 -0500] "GET /favicon.ico HTTP/1.1" 404 196
127.0.0.1 - - [12/Jan/2021:12:13:02 -0500] "GET / HTTP/1.1" 304 -
192.168.123.235 - - [12/Apr/2021:00:19:43 -0400] "GET / HTTP/1.0" 200 2001
